<?xml version="1.0" encoding="UTF-8"?>
<testng-results skipped="0" failed="0" total="1" passed="1">
  <reporter-output>
  </reporter-output>
  <suite name="Suite" duration-ms="24579" started-at="2019-03-20T00:57:19Z" finished-at="2019-03-20T00:57:44Z">
    <groups>
    </groups>
    <test name="Test" duration-ms="24579" started-at="2019-03-20T00:57:19Z" finished-at="2019-03-20T00:57:44Z">
      <class name="baidu.testbaidu">
        <test-method status="PASS" signature="openfire()[pri:0, instance:baidu.testbaidu@1c2c22f3]" name="openfire" is-config="true" duration-ms="14180" started-at="2019-03-20T08:57:19Z" finished-at="2019-03-20T08:57:33Z">
          <reporter-output>
          </reporter-output>
        </test-method> <!-- openfire -->
        <test-method status="PASS" signature="bd()[pri:0, instance:baidu.testbaidu@1c2c22f3]" name="bd" duration-ms="10388" started-at="2019-03-20T08:57:33Z" finished-at="2019-03-20T08:57:44Z">
          <reporter-output>
          </reporter-output>
        </test-method> <!-- bd -->
      </class> <!-- baidu.testbaidu -->
    </test> <!-- Test -->
  </suite> <!-- Suite -->
</testng-results>
