<?xml version="1.0" encoding="UTF-8"?>
<testng-results skipped="0" failed="0" total="1" passed="1">
  <reporter-output>
  </reporter-output>
  <suite name="Suite" duration-ms="16426" started-at="2019-03-14T06:28:51Z" finished-at="2019-03-14T06:29:07Z">
    <groups>
    </groups>
    <test name="Test" duration-ms="16426" started-at="2019-03-14T06:28:51Z" finished-at="2019-03-14T06:29:07Z">
      <class name="baidu.testbaidu">
        <test-method status="PASS" signature="openfire()[pri:0, instance:baidu.testbaidu@1c2c22f3]" name="openfire" is-config="true" duration-ms="11651" started-at="2019-03-14T14:28:51Z" finished-at="2019-03-14T14:29:03Z">
          <reporter-output>
          </reporter-output>
        </test-method> <!-- openfire -->
        <test-method status="PASS" signature="bd()[pri:0, instance:baidu.testbaidu@1c2c22f3]" name="bd" duration-ms="4775" started-at="2019-03-14T14:29:03Z" finished-at="2019-03-14T14:29:07Z">
          <reporter-output>
          </reporter-output>
        </test-method> <!-- bd -->
      </class> <!-- baidu.testbaidu -->
    </test> <!-- Test -->
  </suite> <!-- Suite -->
</testng-results>
